<?xml version="1.0" encoding="UTF-8"?>
<!-- Generated by org.testng.reporters.JUnitReportReporter -->
<testsuite hostname="KI-LAPTOP309" failures="0" tests="4" name="rto_TestNG_TestClass.FireFoxPractice" time="2.192" errors="0" timestamp="2023-02-03T20:17:54 IST" skipped="3">
  <testcase classname="rto_TestNG_TestClass.FireFoxPractice" name="VerifyDriversLicense" time="2.192"/>
  <system-out/>
  <testcase classname="rto_TestNG_TestClass.FireFoxPractice" name="VerifyDrivingSchool">
    <skipped/>
  </testcase> <!-- VerifyDrivingSchool -->
  <system-out/>
  <testcase classname="rto_TestNG_TestClass.FireFoxPractice" name="VerifyOtherServices">
    <skipped/>
  </testcase> <!-- VerifyOtherServices -->
  <system-out/>
  <testcase classname="rto_TestNG_TestClass.FireFoxPractice" name="VerifyOnlineAppoinment">
    <skipped/>
  </testcase> <!-- VerifyOnlineAppoinment -->
  <system-out/>
</testsuite> <!-- rto_TestNG_TestClass.FireFoxPractice -->
