<?xml version="1.0" encoding="UTF-8"?>
<!-- Generated by org.testng.reporters.JUnitReportReporter -->
<testsuite hostname="KI-LAPTOP309" failures="0" tests="12" name="rto_TestNG_TestClass.VerifyLicenesServices" time="13.853" errors="0" timestamp="2023-02-10T19:09:18 IST" skipped="0">
  <testcase classname="rto_TestNG_TestClass.VerifyLicenesServices" name="VerifyDriversLicense" time="2.465"/>
  <system-out/>
  <testcase classname="rto_TestNG_TestClass.VerifyLicenesServices" name="VerifyDrivingSchool" time="0.195"/>
  <system-out/>
  <testcase classname="rto_TestNG_TestClass.VerifyLicenesServices" name="VerifyOtherServices" time="3.012"/>
  <system-out/>
  <testcase classname="rto_TestNG_TestClass.VerifyLicenesServices" name="VerifyOnlineAppoinment" time="0.937"/>
  <system-out/>
  <testcase classname="rto_TestNG_TestClass.VerifyLicenesServices" name="VerifyDriversLicense" time="1.889"/>
  <system-out/>
  <testcase classname="rto_TestNG_TestClass.VerifyLicenesServices" name="VerifyDrivingSchool" time="1.358"/>
  <system-out/>
  <testcase classname="rto_TestNG_TestClass.VerifyLicenesServices" name="VerifyOnlineAppoinment" time="1.132"/>
  <system-out/>
  <testcase classname="rto_TestNG_TestClass.VerifyLicenesServices" name="VerifyOtherServices" time="1.228"/>
  <system-out/>
  <testcase classname="rto_TestNG_TestClass.VerifyLicenesServices" name="VerifyDriversLicense" time="0.199"/>
  <system-out/>
  <testcase classname="rto_TestNG_TestClass.VerifyLicenesServices" name="VerifyDrivingSchool" time="0.827"/>
  <system-out/>
  <testcase classname="rto_TestNG_TestClass.VerifyLicenesServices" name="VerifyOtherServices" time="0.279"/>
  <system-out/>
  <testcase classname="rto_TestNG_TestClass.VerifyLicenesServices" name="VerifyOnlineAppoinment" time="0.332"/>
  <system-out/>
</testsuite> <!-- rto_TestNG_TestClass.VerifyLicenesServices -->
